This file contains any messages produced by compilers while
running configure, to aid debugging if configure makes a mistake.

It was created by ntl-libtool configure 1.0, which was
generated by GNU Autoconf 2.69.  Invocation command line was

  $ ./configure 

## --------- ##
## Platform. ##
## --------- ##

hostname = codespaces-c387cc
uname -m = x86_64
uname -r = 5.4.0-1105-azure
uname -s = Linux
uname -v = #111~18.04.1-Ubuntu SMP Fri Mar 3 22:47:43 UTC 2023

/usr/bin/uname -p = x86_64
/bin/uname -X     = unknown

/bin/arch              = x86_64
/usr/bin/arch -k       = unknown
/usr/convex/getsysinfo = unknown
/usr/bin/hostinfo      = unknown
/bin/machine           = unknown
/usr/bin/oslevel       = unknown
/bin/universe          = unknown

PATH: /usr/local/rvm/gems/ruby-3.1.3/bin
PATH: /usr/local/rvm/gems/ruby-3.1.3@global/bin
PATH: /usr/local/rvm/rubies/ruby-3.1.3/bin
PATH: /vscode/bin/linux-x64/b7886d7461186a5eac768481578c1d7ca80e2d21/bin/remote-cli
PATH: /home/codespace/.local/bin
PATH: /home/codespace/.dotnet
PATH: /home/codespace/nvm/current/bin
PATH: /home/codespace/.php/current/bin
PATH: /home/codespace/.python/current/bin
PATH: /home/codespace/java/current/bin
PATH: /home/codespace/.ruby/current/bin
PATH: /home/codespace/.local/bin
PATH: /usr/local/oryx
PATH: /usr/local/go/bin
PATH: /go/bin
PATH: /usr/local/sdkman/bin
PATH: /usr/local/sdkman/candidates/java/current/bin
PATH: /usr/local/sdkman/candidates/gradle/current/bin
PATH: /usr/local/sdkman/candidates/maven/current/bin
PATH: /usr/local/sdkman/candidates/ant/current/bin
PATH: /usr/local/rvm/gems/default/bin
PATH: /usr/local/rvm/gems/default@global/bin
PATH: /usr/local/rvm/rubies/default/bin
PATH: /usr/local/share/rbenv/bin
PATH: /opt/conda/bin
PATH: /usr/local/php/current/bin
PATH: /usr/local/python/current/bin
PATH: /usr/local/py-utils/bin
PATH: /usr/local/nvs
PATH: /usr/local/share/nvm/versions/node/v19.7.0/bin
PATH: /usr/local/hugo/bin
PATH: /usr/local/dotnet/current
PATH: /usr/local/sbin
PATH: /usr/local/bin
PATH: /usr/sbin
PATH: /usr/bin
PATH: /sbin
PATH: /bin
PATH: /home/codespace/.dotnet/tools
PATH: /usr/local/rvm/bin


## ----------- ##
## Core tests. ##
## ----------- ##

configure:2286: checking for a BSD-compatible install
configure:2354: result: /usr/bin/install -c
configure:2365: checking whether build environment is sane
configure:2420: result: yes
configure:2569: checking for a thread-safe mkdir -p
configure:2608: result: /usr/bin/mkdir -p
configure:2615: checking for gawk
configure:2631: found /usr/bin/gawk
configure:2642: result: gawk
configure:2653: checking whether make sets $(MAKE)
configure:2675: result: yes
configure:2704: checking whether make supports nested variables
configure:2721: result: yes
configure:2836: checking build system type
configure:2850: result: x86_64-unknown-linux-gnu
configure:2870: checking host system type
configure:2883: result: x86_64-unknown-linux-gnu
configure:2924: checking how to print strings
configure:2951: result: printf
configure:2984: checking for style of include used by make
configure:3012: result: GNU
configure:3083: checking for gcc
configure:3099: found /usr/bin/gcc
configure:3110: result: gcc
configure:3339: checking for C compiler version
configure:3348: gcc --version >&5
gcc (Ubuntu 9.4.0-1ubuntu1~20.04.1) 9.4.0
Copyright (C) 2019 Free Software Foundation, Inc.
This is free software; see the source for copying conditions.  There is NO
warranty; not even for MERCHANTABILITY or FITNESS FOR A PARTICULAR PURPOSE.

configure:3359: $? = 0
configure:3348: gcc -v >&5
Using built-in specs.
COLLECT_GCC=gcc
COLLECT_LTO_WRAPPER=/usr/lib/gcc/x86_64-linux-gnu/9/lto-wrapper
OFFLOAD_TARGET_NAMES=nvptx-none:hsa
OFFLOAD_TARGET_DEFAULT=1
Target: x86_64-linux-gnu
Configured with: ../src/configure -v --with-pkgversion='Ubuntu 9.4.0-1ubuntu1~20.04.1' --with-bugurl=file:///usr/share/doc/gcc-9/README.Bugs --enable-languages=c,ada,c++,go,brig,d,fortran,objc,obj-c++,gm2 --prefix=/usr --with-gcc-major-version-only --program-suffix=-9 --program-prefix=x86_64-linux-gnu- --enable-shared --enable-linker-build-id --libexecdir=/usr/lib --without-included-gettext --enable-threads=posix --libdir=/usr/lib --enable-nls --enable-clocale=gnu --enable-libstdcxx-debug --enable-libstdcxx-time=yes --with-default-libstdcxx-abi=new --enable-gnu-unique-object --disable-vtable-verify --enable-plugin --enable-default-pie --with-system-zlib --with-target-system-zlib=auto --enable-objc-gc=auto --enable-multiarch --disable-werror --with-arch-32=i686 --with-abi=m64 --with-multilib-list=m32,m64,mx32 --enable-multilib --with-tune=generic --enable-offload-targets=nvptx-none=/build/gcc-9-Av3uEd/gcc-9-9.4.0/debian/tmp-nvptx/usr,hsa --without-cuda-driver --enable-checking=release --build=x86_64-linux-gnu --host=x86_64-linux-gnu --target=x86_64-linux-gnu
Thread model: posix
gcc version 9.4.0 (Ubuntu 9.4.0-1ubuntu1~20.04.1) 
configure:3359: $? = 0
configure:3348: gcc -V >&5
gcc: error: unrecognized command line option '-V'
gcc: fatal error: no input files
compilation terminated.
configure:3359: $? = 1
configure:3348: gcc -qversion >&5
gcc: error: unrecognized command line option '-qversion'; did you mean '--version'?
gcc: fatal error: no input files
compilation terminated.
configure:3359: $? = 1
configure:3379: checking whether the C compiler works
configure:3401: gcc    conftest.c  >&5
configure:3405: $? = 0
configure:3453: result: yes
configure:3456: checking for C compiler default output file name
configure:3458: result: a.out
configure:3464: checking for suffix of executables
configure:3471: gcc -o conftest    conftest.c  >&5
configure:3475: $? = 0
configure:3497: result: 
configure:3519: checking whether we are cross compiling
configure:3527: gcc -o conftest    conftest.c  >&5
configure:3531: $? = 0
configure:3538: ./conftest
configure:3542: $? = 0
configure:3530: result: no
configure:3535: checking for suffix of object files
configure:3557: gcc -c   conftest.c >&5
configure:3561: $? = 0
configure:3582: result: o
configure:3586: checking whether we are using the GNU C compiler
configure:3605: gcc -c   conftest.c >&5
configure:3605: $? = 0
configure:3614: result: yes
configure:3623: checking whether gcc accepts -g
configure:3643: gcc -c -g  conftest.c >&5
configure:3643: $? = 0
configure:3684: result: yes
configure:3701: checking for gcc option to accept ISO C89
configure:3764: gcc  -c -g -O2  conftest.c >&5
configure:3764: $? = 0
configure:3777: result: none needed
configure:3799: checking dependency style of gcc
configure:3910: result: none
configure:3925: checking for a sed that does not truncate output
configure:3989: result: /usr/bin/sed
configure:4007: checking for grep that handles long lines and -e
configure:4065: result: /usr/bin/grep
configure:4070: checking for egrep
configure:4132: result: /usr/bin/grep -E
configure:4137: checking for fgrep
configure:4199: result: /usr/bin/grep -F
configure:4234: checking for ld used by gcc
configure:4301: result: /usr/bin/ld
configure:4308: checking if the linker (/usr/bin/ld) is GNU ld
configure:4323: result: yes
configure:4335: checking for BSD- or MS-compatible name lister (nm)
configure:4384: result: /usr/bin/nm -B
configure:4514: checking the name lister (/usr/bin/nm -B) interface
configure:4521: gcc -c -g -O2  conftest.c >&5
configure:4524: /usr/bin/nm -B "conftest.o"
configure:4527: output
0000000000000000 B some_variable
configure:4528: result: BSD nm
configure:4531: checking whether ln -s works
configure:4535: result: yes
configure:4543: checking the maximum length of command line arguments
configure:4673: result: 1572864
configure:4690: checking whether the shell understands some XSI constructs
configure:4699: result: yes
configure:4703: checking whether the shell understands "+="
configure:4707: result: yes
configure:4742: checking how to convert x86_64-unknown-linux-gnu file names to x86_64-unknown-linux-gnu format
configure:4782: result: func_convert_file_noop
configure:4789: checking how to convert x86_64-unknown-linux-gnu file names to toolchain format
configure:4809: result: func_convert_file_noop
configure:4816: checking for /usr/bin/ld option to reload object files
configure:4823: result: -r
configure:4897: checking for objdump
configure:4913: found /usr/bin/objdump
configure:4924: result: objdump
configure:4956: checking how to recognize dependent libraries
configure:5158: result: pass_all
configure:5243: checking for dlltool
configure:5273: result: no
configure:5303: checking how to associate runtime and link libraries
configure:5330: result: printf %s\n
configure:5391: checking for ar
configure:5407: found /usr/bin/ar
configure:5418: result: ar
configure:5455: checking for archiver @FILE support
configure:5472: gcc -c -g -O2  conftest.c >&5
configure:5472: $? = 0
configure:5475: ar cru libconftest.a @conftest.lst >&5
ar: `u' modifier ignored since `D' is the default (see `U')
configure:5478: $? = 0
configure:5483: ar cru libconftest.a @conftest.lst >&5
ar: `u' modifier ignored since `D' is the default (see `U')
ar: conftest.o: No such file or directory
configure:5486: $? = 1
configure:5485: result: @
configure:5543: checking for strip
configure:5559: found /usr/bin/strip
configure:5570: result: strip
configure:5642: checking for ranlib
configure:5658: found /usr/bin/ranlib
configure:5669: result: ranlib
configure:5771: checking command to parse /usr/bin/nm -B output from gcc object
configure:5891: gcc -c -g -O2  conftest.c >&5
configure:5894: $? = 0
configure:5898: /usr/bin/nm -B conftest.o \| sed -n -e 's/^.*[ ]\([ABCDGIRSTW][ABCDGIRSTW]*\)[ ][ ]*\([_A-Za-z][_A-Za-z0-9]*\)$/\1 \2 \2/p' | sed '/ __gnu_lto/d' \> conftest.nm
configure:5901: $? = 0
configure:5967: gcc -o conftest -g -O2   conftest.c conftstm.o >&5
configure:5970: $? = 0
configure:6008: result: ok
configure:6045: checking for sysroot
configure:6075: result: no
configure:6152: gcc -c -g -O2  conftest.c >&5
configure:6155: $? = 0
configure:6331: checking for mt
configure:6361: result: no
configure:6381: checking if : is a manifest tool
configure:6387: : '-?'
configure:6395: result: no
configure:7037: checking how to run the C preprocessor
configure:7068: gcc -E  conftest.c
configure:7068: $? = 0
configure:7082: gcc -E  conftest.c
conftest.c:11:10: fatal error: ac_nonexistent.h: No such file or directory
   11 | #include <ac_nonexistent.h>
      |          ^~~~~~~~~~~~~~~~~~
compilation terminated.
configure:7082: $? = 1
configure: failed program was:
| /* confdefs.h */
| #define PACKAGE_NAME "ntl-libtool"
| #define PACKAGE_TARNAME "ntl-libtool"
| #define PACKAGE_VERSION "1.0"
| #define PACKAGE_STRING "ntl-libtool 1.0"
| #define PACKAGE_BUGREPORT ""
| #define PACKAGE_URL ""
| #define PACKAGE "ntl-libtool"
| #define VERSION "1.0"
| /* end confdefs.h.  */
| #include <ac_nonexistent.h>
configure:7107: result: gcc -E
configure:7127: gcc -E  conftest.c
configure:7127: $? = 0
configure:7141: gcc -E  conftest.c
conftest.c:11:10: fatal error: ac_nonexistent.h: No such file or directory
   11 | #include <ac_nonexistent.h>
      |          ^~~~~~~~~~~~~~~~~~
compilation terminated.
configure:7141: $? = 1
configure: failed program was:
| /* confdefs.h */
| #define PACKAGE_NAME "ntl-libtool"
| #define PACKAGE_TARNAME "ntl-libtool"
| #define PACKAGE_VERSION "1.0"
| #define PACKAGE_STRING "ntl-libtool 1.0"
| #define PACKAGE_BUGREPORT ""
| #define PACKAGE_URL ""
| #define PACKAGE "ntl-libtool"
| #define VERSION "1.0"
| /* end confdefs.h.  */
| #include <ac_nonexistent.h>
configure:7170: checking for ANSI C header files
configure:7190: gcc -c -g -O2  conftest.c >&5
configure:7190: $? = 0
configure:7263: gcc -o conftest -g -O2   conftest.c  >&5
configure:7263: $? = 0
configure:7263: ./conftest
configure:7263: $? = 0
configure:7274: result: yes
configure:7287: checking for sys/types.h
configure:7287: gcc -c -g -O2  conftest.c >&5
configure:7287: $? = 0
configure:7287: result: yes
configure:7287: checking for sys/stat.h
configure:7287: gcc -c -g -O2  conftest.c >&5
configure:7287: $? = 0
configure:7287: result: yes
configure:7287: checking for stdlib.h
configure:7287: gcc -c -g -O2  conftest.c >&5
configure:7287: $? = 0
configure:7287: result: yes
configure:7287: checking for string.h
configure:7287: gcc -c -g -O2  conftest.c >&5
configure:7287: $? = 0
configure:7287: result: yes
configure:7287: checking for memory.h
configure:7287: gcc -c -g -O2  conftest.c >&5
configure:7287: $? = 0
configure:7287: result: yes
configure:7287: checking for strings.h
configure:7287: gcc -c -g -O2  conftest.c >&5
configure:7287: $? = 0
configure:7287: result: yes
configure:7287: checking for inttypes.h
configure:7287: gcc -c -g -O2  conftest.c >&5
configure:7287: $? = 0
configure:7287: result: yes
configure:7287: checking for stdint.h
configure:7287: gcc -c -g -O2  conftest.c >&5
configure:7287: $? = 0
configure:7287: result: yes
configure:7287: checking for unistd.h
configure:7287: gcc -c -g -O2  conftest.c >&5
configure:7287: $? = 0
configure:7287: result: yes
configure:7301: checking for dlfcn.h
configure:7301: gcc -c -g -O2  conftest.c >&5
configure:7301: $? = 0
configure:7301: result: yes
configure:7507: checking for objdir
configure:7522: result: .libs
configure:7789: checking if gcc supports -fno-rtti -fno-exceptions
configure:7807: gcc -c -g -O2  -fno-rtti -fno-exceptions conftest.c >&5
cc1: warning: command line option '-fno-rtti' is valid for C++/D/ObjC++ but not for C
configure:7811: $? = 0
configure:7824: result: no
configure:8151: checking for gcc option to produce PIC
configure:8158: result: -fPIC -DPIC
configure:8166: checking if gcc PIC flag -fPIC -DPIC works
configure:8184: gcc -c -g -O2  -fPIC -DPIC -DPIC conftest.c >&5
configure:8188: $? = 0
configure:8201: result: yes
configure:8230: checking if gcc static flag -static works
configure:8258: result: yes
configure:8273: checking if gcc supports -c -o file.o
configure:8294: gcc -c -g -O2  -o out/conftest2.o conftest.c >&5
configure:8298: $? = 0
configure:8320: result: yes
configure:8328: checking if gcc supports -c -o file.o
configure:8375: result: yes
configure:8408: checking whether the gcc linker (/usr/bin/ld -m elf_x86_64) supports shared libraries
configure:9561: result: yes
configure:9598: checking whether -lc should be explicitly linked in
configure:9606: gcc -c -g -O2  conftest.c >&5
configure:9609: $? = 0
configure:9624: gcc -shared  -fPIC -DPIC conftest.o  -v -Wl,-soname -Wl,conftest -o conftest 2\>\&1 \| /usr/bin/grep  -lc  \>/dev/null 2\>\&1
configure:9627: $? = 0
configure:9641: result: no
configure:9801: checking dynamic linker characteristics
configure:10312: gcc -o conftest -g -O2   -Wl,-rpath -Wl,/foo conftest.c  >&5
configure:10312: $? = 0
configure:10538: result: GNU/Linux ld.so
configure:10645: checking how to hardcode library paths into programs
configure:10670: result: immediate
configure:11210: checking whether stripping libraries is possible
configure:11215: result: yes
configure:11250: checking if libtool supports shared libraries
configure:11252: result: yes
configure:11255: checking whether to build shared libraries
configure:11276: result: yes
configure:11279: checking whether to build static libraries
configure:11283: result: yes
configure:8384: checking for g++
configure:8400: found /usr/bin/g++
configure:8411: result: g++
configure:8438: checking for C++ compiler version
configure:8447: g++ --version >&5
g++ (Ubuntu 9.4.0-1ubuntu1~20.04.1) 9.4.0
Copyright (C) 2019 Free Software Foundation, Inc.
This is free software; see the source for copying conditions.  There is NO
warranty; not even for MERCHANTABILITY or FITNESS FOR A PARTICULAR PURPOSE.

configure:8458: $? = 0
configure:8447: g++ -v >&5
Using built-in specs.
COLLECT_GCC=g++
COLLECT_LTO_WRAPPER=/usr/lib/gcc/x86_64-linux-gnu/9/lto-wrapper
OFFLOAD_TARGET_NAMES=nvptx-none:hsa
OFFLOAD_TARGET_DEFAULT=1
Target: x86_64-linux-gnu
Configured with: ../src/configure -v --with-pkgversion='Ubuntu 9.4.0-1ubuntu1~20.04.1' --with-bugurl=file:///usr/share/doc/gcc-9/README.Bugs --enable-languages=c,ada,c++,go,brig,d,fortran,objc,obj-c++,gm2 --prefix=/usr --with-gcc-major-version-only --program-suffix=-9 --program-prefix=x86_64-linux-gnu- --enable-shared --enable-linker-build-id --libexecdir=/usr/lib --without-included-gettext --enable-threads=posix --libdir=/usr/lib --enable-nls --enable-clocale=gnu --enable-libstdcxx-debug --enable-libstdcxx-time=yes --with-default-libstdcxx-abi=new --enable-gnu-unique-object --disable-vtable-verify --enable-plugin --enable-default-pie --with-system-zlib --with-target-system-zlib=auto --enable-objc-gc=auto --enable-multiarch --disable-werror --with-arch-32=i686 --with-abi=m64 --with-multilib-list=m32,m64,mx32 --enable-multilib --with-tune=generic --enable-offload-targets=nvptx-none=/build/gcc-9-Av3uEd/gcc-9-9.4.0/debian/tmp-nvptx/usr,hsa --without-cuda-driver --enable-checking=release --build=x86_64-linux-gnu --host=x86_64-linux-gnu --target=x86_64-linux-gnu
Thread model: posix
gcc version 9.4.0 (Ubuntu 9.4.0-1ubuntu1~20.04.1) 
configure:8458: $? = 0
configure:8447: g++ -V >&5
g++: error: unrecognized command line option '-V'
g++: fatal error: no input files
compilation terminated.
configure:8458: $? = 1
configure:8447: g++ -qversion >&5
g++: error: unrecognized command line option '-qversion'; did you mean '--version'?
g++: fatal error: no input files
compilation terminated.
configure:8458: $? = 1
configure:8462: checking whether we are using the GNU C++ compiler
configure:8481: g++ -c   conftest.cpp >&5
configure:8481: $? = 0
configure:8490: result: yes
configure:8499: checking whether g++ accepts -g
configure:8519: g++ -c -g  conftest.cpp >&5
configure:8519: $? = 0
configure:8560: result: yes
configure:8585: checking dependency style of g++
configure:8696: result: none
configure:8729: checking how to run the C++ preprocessor
configure:8756: g++ -E  conftest.cpp
configure:8756: $? = 0
configure:8770: g++ -E  conftest.cpp
conftest.cpp:23:10: fatal error: ac_nonexistent.h: No such file or directory
   23 | #include <ac_nonexistent.h>
      |          ^~~~~~~~~~~~~~~~~~
compilation terminated.
configure:8770: $? = 1
configure: failed program was:
| /* confdefs.h */
| #define PACKAGE_NAME "ntl-libtool"
| #define PACKAGE_TARNAME "ntl-libtool"
| #define PACKAGE_VERSION "1.0"
| #define PACKAGE_STRING "ntl-libtool 1.0"
| #define PACKAGE_BUGREPORT ""
| #define PACKAGE_URL ""
| #define PACKAGE "ntl-libtool"
| #define VERSION "1.0"
| #define STDC_HEADERS 1
| #define HAVE_SYS_TYPES_H 1
| #define HAVE_SYS_STAT_H 1
| #define HAVE_STDLIB_H 1
| #define HAVE_STRING_H 1
| #define HAVE_MEMORY_H 1
| #define HAVE_STRINGS_H 1
| #define HAVE_INTTYPES_H 1
| #define HAVE_STDINT_H 1
| #define HAVE_UNISTD_H 1
| #define HAVE_DLFCN_H 1
| #define LT_OBJDIR ".libs/"
| /* end confdefs.h.  */
| #include <ac_nonexistent.h>
configure:8795: result: g++ -E
configure:8815: g++ -E  conftest.cpp
configure:8815: $? = 0
configure:8829: g++ -E  conftest.cpp
conftest.cpp:23:10: fatal error: ac_nonexistent.h: No such file or directory
   23 | #include <ac_nonexistent.h>
      |          ^~~~~~~~~~~~~~~~~~
compilation terminated.
configure:8829: $? = 1
configure: failed program was:
| /* confdefs.h */
| #define PACKAGE_NAME "ntl-libtool"
| #define PACKAGE_TARNAME "ntl-libtool"
| #define PACKAGE_VERSION "1.0"
| #define PACKAGE_STRING "ntl-libtool 1.0"
| #define PACKAGE_BUGREPORT ""
| #define PACKAGE_URL ""
| #define PACKAGE "ntl-libtool"
| #define VERSION "1.0"
| #define STDC_HEADERS 1
| #define HAVE_SYS_TYPES_H 1
| #define HAVE_SYS_STAT_H 1
| #define HAVE_STDLIB_H 1
| #define HAVE_STRING_H 1
| #define HAVE_MEMORY_H 1
| #define HAVE_STRINGS_H 1
| #define HAVE_INTTYPES_H 1
| #define HAVE_STDINT_H 1
| #define HAVE_UNISTD_H 1
| #define HAVE_DLFCN_H 1
| #define LT_OBJDIR ".libs/"
| /* end confdefs.h.  */
| #include <ac_nonexistent.h>
configure:8998: checking for ld used by g++
configure:9065: result: /usr/bin/ld -m elf_x86_64
configure:9072: checking if the linker (/usr/bin/ld -m elf_x86_64) is GNU ld
configure:9087: result: yes
configure:9142: checking whether the g++ linker (/usr/bin/ld -m elf_x86_64) supports shared libraries
configure:10147: result: yes
configure:10183: g++ -c -g -O2  conftest.cpp >&5
configure:10186: $? = 0
configure:10706: checking for g++ option to produce PIC
configure:10713: result: -fPIC -DPIC
configure:10721: checking if g++ PIC flag -fPIC -DPIC works
configure:10739: g++ -c -g -O2  -fPIC -DPIC -DPIC conftest.cpp >&5
configure:10743: $? = 0
configure:10756: result: yes
configure:10779: checking if g++ static flag -static works
configure:10807: result: yes
configure:10819: checking if g++ supports -c -o file.o
configure:10840: g++ -c -g -O2  -o out/conftest2.o conftest.cpp >&5
configure:10844: $? = 0
configure:10866: result: yes
configure:10871: checking if g++ supports -c -o file.o
configure:10918: result: yes
configure:10948: checking whether the g++ linker (/usr/bin/ld -m elf_x86_64) supports shared libraries
configure:10984: result: yes
configure:11125: checking dynamic linker characteristics
configure:11796: result: GNU/Linux ld.so
configure:11849: checking how to hardcode library paths into programs
configure:11874: result: immediate
configure:10898: checking for gcc
configure:10925: result: gcc
configure:11154: checking for C compiler version
configure:11163: gcc --version >&5
gcc (Ubuntu 9.4.0-1ubuntu1~20.04.1) 9.4.0
Copyright (C) 2019 Free Software Foundation, Inc.
This is free software; see the source for copying conditions.  There is NO
warranty; not even for MERCHANTABILITY or FITNESS FOR A PARTICULAR PURPOSE.

configure:11174: $? = 0
configure:11163: gcc -v >&5
Using built-in specs.
COLLECT_GCC=gcc
COLLECT_LTO_WRAPPER=/usr/lib/gcc/x86_64-linux-gnu/9/lto-wrapper
OFFLOAD_TARGET_NAMES=nvptx-none:hsa
OFFLOAD_TARGET_DEFAULT=1
Target: x86_64-linux-gnu
Configured with: ../src/configure -v --with-pkgversion='Ubuntu 9.4.0-1ubuntu1~20.04.1' --with-bugurl=file:///usr/share/doc/gcc-9/README.Bugs --enable-languages=c,ada,c++,go,brig,d,fortran,objc,obj-c++,gm2 --prefix=/usr --with-gcc-major-version-only --program-suffix=-9 --program-prefix=x86_64-linux-gnu- --enable-shared --enable-linker-build-id --libexecdir=/usr/lib --without-included-gettext --enable-threads=posix --libdir=/usr/lib --enable-nls --enable-clocale=gnu --enable-libstdcxx-debug --enable-libstdcxx-time=yes --with-default-libstdcxx-abi=new --enable-gnu-unique-object --disable-vtable-verify --enable-plugin --enable-default-pie --with-system-zlib --with-target-system-zlib=auto --enable-objc-gc=auto --enable-multiarch --disable-werror --with-arch-32=i686 --with-abi=m64 --with-multilib-list=m32,m64,mx32 --enable-multilib --with-tune=generic --enable-offload-targets=nvptx-none=/build/gcc-9-Av3uEd/gcc-9-9.4.0/debian/tmp-nvptx/usr,hsa --without-cuda-driver --enable-checking=release --build=x86_64-linux-gnu --host=x86_64-linux-gnu --target=x86_64-linux-gnu
Thread model: posix
gcc version 9.4.0 (Ubuntu 9.4.0-1ubuntu1~20.04.1) 
configure:11174: $? = 0
configure:11163: gcc -V >&5
gcc: error: unrecognized command line option '-V'
gcc: fatal error: no input files
compilation terminated.
configure:11174: $? = 1
configure:11163: gcc -qversion >&5
gcc: error: unrecognized command line option '-qversion'; did you mean '--version'?
gcc: fatal error: no input files
compilation terminated.
configure:11174: $? = 1
configure:11178: checking whether we are using the GNU C compiler
configure:11206: result: yes
configure:11215: checking whether gcc accepts -g
configure:11276: result: yes
configure:11293: checking for gcc option to accept ISO C89
configure:11369: result: none needed
configure:11391: checking dependency style of gcc
configure:11502: result: none
configure:11655: checking that generated files are newer than configure
configure:11661: result: done
configure:11692: creating ./config.status

## ---------------------- ##
## Running config.status. ##
## ---------------------- ##

This file was extended by ntl-libtool config.status 1.0, which was
generated by GNU Autoconf 2.69.  Invocation command line was

  CONFIG_FILES    = 
  CONFIG_HEADERS  = 
  CONFIG_LINKS    = 
  CONFIG_COMMANDS = 
  $ ./config.status 

on codespaces-c387cc

config.status:1061: creating Makefile
config.status:1233: executing depfiles commands
config.status:1233: executing libtool commands

## ---------------- ##
## Cache variables. ##
## ---------------- ##

ac_cv_build=x86_64-unknown-linux-gnu
ac_cv_c_compiler_gnu=yes
ac_cv_cxx_compiler_gnu=yes
ac_cv_env_CCC_set=
ac_cv_env_CCC_value=
ac_cv_env_CC_set=
ac_cv_env_CC_value=
ac_cv_env_CFLAGS_set=
ac_cv_env_CFLAGS_value=
ac_cv_env_CPPFLAGS_set=
ac_cv_env_CPPFLAGS_value=
ac_cv_env_CPP_set=
ac_cv_env_CPP_value=
ac_cv_env_CXXCPP_set=
ac_cv_env_CXXCPP_value=
ac_cv_env_CXXFLAGS_set=
ac_cv_env_CXXFLAGS_value=
ac_cv_env_CXX_set=
ac_cv_env_CXX_value=
ac_cv_env_LDFLAGS_set=
ac_cv_env_LDFLAGS_value=
ac_cv_env_LIBS_set=
ac_cv_env_LIBS_value=
ac_cv_env_build_alias_set=
ac_cv_env_build_alias_value=
ac_cv_env_host_alias_set=
ac_cv_env_host_alias_value=
ac_cv_env_target_alias_set=
ac_cv_env_target_alias_value=
ac_cv_header_dlfcn_h=yes
ac_cv_header_inttypes_h=yes
ac_cv_header_memory_h=yes
ac_cv_header_stdc=yes
ac_cv_header_stdint_h=yes
ac_cv_header_stdlib_h=yes
ac_cv_header_string_h=yes
ac_cv_header_strings_h=yes
ac_cv_header_sys_stat_h=yes
ac_cv_header_sys_types_h=yes
ac_cv_header_unistd_h=yes
ac_cv_host=x86_64-unknown-linux-gnu
ac_cv_objext=o
ac_cv_path_EGREP='/usr/bin/grep -E'
ac_cv_path_FGREP='/usr/bin/grep -F'
ac_cv_path_GREP=/usr/bin/grep
ac_cv_path_SED=/usr/bin/sed
ac_cv_path_install='/usr/bin/install -c'
ac_cv_path_mkdir=/usr/bin/mkdir
ac_cv_prog_AWK=gawk
ac_cv_prog_CPP='gcc -E'
ac_cv_prog_CXXCPP='g++ -E'
ac_cv_prog_ac_ct_AR=ar
ac_cv_prog_ac_ct_CC=gcc
ac_cv_prog_ac_ct_CXX=g++
ac_cv_prog_ac_ct_OBJDUMP=objdump
ac_cv_prog_ac_ct_RANLIB=ranlib
ac_cv_prog_ac_ct_STRIP=strip
ac_cv_prog_cc_c89=
ac_cv_prog_cc_g=yes
ac_cv_prog_cxx_g=yes
ac_cv_prog_make_make_set=yes
am_cv_CC_dependencies_compiler_type=none
am_cv_CXX_dependencies_compiler_type=none
am_cv_make_support_nested_variables=yes
lt_cv_ar_at_file=@
lt_cv_archive_cmds_need_lc=no
lt_cv_deplibs_check_method=pass_all
lt_cv_file_magic_cmd='$MAGIC_CMD'
lt_cv_file_magic_test_file=
lt_cv_ld_reload_flag=-r
lt_cv_nm_interface='BSD nm'
lt_cv_objdir=.libs
lt_cv_path_LD=/usr/bin/ld
lt_cv_path_LDCXX='/usr/bin/ld -m elf_x86_64'
lt_cv_path_NM='/usr/bin/nm -B'
lt_cv_path_mainfest_tool=no
lt_cv_prog_compiler_c_o=yes
lt_cv_prog_compiler_c_o_CXX=yes
lt_cv_prog_compiler_pic='-fPIC -DPIC'
lt_cv_prog_compiler_pic_CXX='-fPIC -DPIC'
lt_cv_prog_compiler_pic_works=yes
lt_cv_prog_compiler_pic_works_CXX=yes
lt_cv_prog_compiler_rtti_exceptions=no
lt_cv_prog_compiler_static_works=yes
lt_cv_prog_compiler_static_works_CXX=yes
lt_cv_prog_gnu_ld=yes
lt_cv_prog_gnu_ldcxx=yes
lt_cv_sharedlib_from_linklib_cmd='printf %s\n'
lt_cv_shlibpath_overrides_runpath=yes
lt_cv_sys_global_symbol_pipe='sed -n -e '\''s/^.*[	 ]\([ABCDGIRSTW][ABCDGIRSTW]*\)[	 ][	 ]*\([_A-Za-z][_A-Za-z0-9]*\)$/\1 \2 \2/p'\'' | sed '\''/ __gnu_lto/d'\'''
lt_cv_sys_global_symbol_to_c_name_address='sed -n -e '\''s/^: \([^ ]*\)[ ]*$/  {\"\1\", (void *) 0},/p'\'' -e '\''s/^[ABCDGIRSTW]* \([^ ]*\) \([^ ]*\)$/  {"\2", (void *) \&\2},/p'\'''
lt_cv_sys_global_symbol_to_c_name_address_lib_prefix='sed -n -e '\''s/^: \([^ ]*\)[ ]*$/  {\"\1\", (void *) 0},/p'\'' -e '\''s/^[ABCDGIRSTW]* \([^ ]*\) \(lib[^ ]*\)$/  {"\2", (void *) \&\2},/p'\'' -e '\''s/^[ABCDGIRSTW]* \([^ ]*\) \([^ ]*\)$/  {"lib\2", (void *) \&\2},/p'\'''
lt_cv_sys_global_symbol_to_cdecl='sed -n -e '\''s/^T .* \(.*\)$/extern int \1();/p'\'' -e '\''s/^[ABCDGIRSTW]* .* \(.*\)$/extern char \1;/p'\'''
lt_cv_sys_max_cmd_len=1572864
lt_cv_to_host_file_cmd=func_convert_file_noop
lt_cv_to_tool_file_cmd=func_convert_file_noop

## ----------------- ##
## Output variables. ##
## ----------------- ##

ACLOCAL='${SHELL} /try/HElib/build/dependencies/Source/ntl_fetched/src/libtool-build/missing aclocal-1.13'
AMDEPBACKSLASH='\'
AMDEP_FALSE='#'
AMDEP_TRUE=''
AMTAR='$${TAR-tar}'
AM_BACKSLASH='\'
AM_DEFAULT_V='$(AM_DEFAULT_VERBOSITY)'
AM_DEFAULT_VERBOSITY='1'
AM_V='$(V)'
AR='ar'
AUTOCONF='${SHELL} /try/HElib/build/dependencies/Source/ntl_fetched/src/libtool-build/missing autoconf'
AUTOHEADER='${SHELL} /try/HElib/build/dependencies/Source/ntl_fetched/src/libtool-build/missing autoheader'
AUTOMAKE='${SHELL} /try/HElib/build/dependencies/Source/ntl_fetched/src/libtool-build/missing automake-1.13'
AWK='gawk'
CC='gcc'
CCDEPMODE='depmode=none'
CFLAGS='-g -O2'
CPP='gcc -E'
CPPFLAGS=''
CXX='g++'
CXXCPP='g++ -E'
CXXDEPMODE='depmode=none'
CXXFLAGS='-g -O2'
CYGPATH_W='echo'
DEFS='-DPACKAGE_NAME=\"ntl-libtool\" -DPACKAGE_TARNAME=\"ntl-libtool\" -DPACKAGE_VERSION=\"1.0\" -DPACKAGE_STRING=\"ntl-libtool\ 1.0\" -DPACKAGE_BUGREPORT=\"\" -DPACKAGE_URL=\"\" -DPACKAGE=\"ntl-libtool\" -DVERSION=\"1.0\" -DSTDC_HEADERS=1 -DHAVE_SYS_TYPES_H=1 -DHAVE_SYS_STAT_H=1 -DHAVE_STDLIB_H=1 -DHAVE_STRING_H=1 -DHAVE_MEMORY_H=1 -DHAVE_STRINGS_H=1 -DHAVE_INTTYPES_H=1 -DHAVE_STDINT_H=1 -DHAVE_UNISTD_H=1 -DHAVE_DLFCN_H=1 -DLT_OBJDIR=\".libs/\"'
DEPDIR='.deps'
DLLTOOL='false'
DSYMUTIL=''
DUMPBIN=''
ECHO_C=''
ECHO_N='-n'
ECHO_T=''
EGREP='/usr/bin/grep -E'
EXEEXT=''
FGREP='/usr/bin/grep -F'
GREP='/usr/bin/grep'
INSTALL_DATA='${INSTALL} -m 644'
INSTALL_PROGRAM='${INSTALL}'
INSTALL_SCRIPT='${INSTALL}'
INSTALL_STRIP_PROGRAM='$(install_sh) -c -s'
LD='/usr/bin/ld -m elf_x86_64'
LDFLAGS=''
LIBOBJS=''
LIBS=''
LIBTOOL='$(SHELL) $(top_builddir)/libtool'
LIPO=''
LN_S='ln -s'
LTLIBOBJS=''
MAKEINFO='${SHELL} /try/HElib/build/dependencies/Source/ntl_fetched/src/libtool-build/missing makeinfo'
MANIFEST_TOOL=':'
MKDIR_P='/usr/bin/mkdir -p'
NM='/usr/bin/nm -B'
NMEDIT=''
OBJDUMP='objdump'
OBJEXT='o'
OTOOL64=''
OTOOL=''
PACKAGE='ntl-libtool'
PACKAGE_BUGREPORT=''
PACKAGE_NAME='ntl-libtool'
PACKAGE_STRING='ntl-libtool 1.0'
PACKAGE_TARNAME='ntl-libtool'
PACKAGE_URL=''
PACKAGE_VERSION='1.0'
PATH_SEPARATOR=':'
RANLIB='ranlib'
SED='/usr/bin/sed'
SET_MAKE=''
SHELL='/bin/bash'
STRIP='strip'
VERSION='1.0'
ac_ct_AR='ar'
ac_ct_CC='gcc'
ac_ct_CXX='g++'
ac_ct_DUMPBIN=''
am__EXEEXT_FALSE=''
am__EXEEXT_TRUE='#'
am__fastdepCC_FALSE=''
am__fastdepCC_TRUE='#'
am__fastdepCXX_FALSE=''
am__fastdepCXX_TRUE='#'
am__include='include'
am__isrc=''
am__leading_dot='.'
am__nodep='_no'
am__quote=''
am__tar='$${TAR-tar} chof - "$$tardir"'
am__untar='$${TAR-tar} xf -'
bindir='${exec_prefix}/bin'
build='x86_64-unknown-linux-gnu'
build_alias=''
build_cpu='x86_64'
build_os='linux-gnu'
build_vendor='unknown'
datadir='${datarootdir}'
datarootdir='${prefix}/share'
docdir='${datarootdir}/doc/${PACKAGE_TARNAME}'
dvidir='${docdir}'
exec_prefix='${prefix}'
host='x86_64-unknown-linux-gnu'
host_alias=''
host_cpu='x86_64'
host_os='linux-gnu'
host_vendor='unknown'
htmldir='${docdir}'
includedir='${prefix}/include'
infodir='${datarootdir}/info'
install_sh='${SHELL} /try/HElib/build/dependencies/Source/ntl_fetched/src/libtool-build/install-sh'
libdir='${exec_prefix}/lib'
libexecdir='${exec_prefix}/libexec'
localedir='${datarootdir}/locale'
localstatedir='${prefix}/var'
mandir='${datarootdir}/man'
mkdir_p='$(MKDIR_P)'
oldincludedir='/usr/include'
pdfdir='${docdir}'
prefix='/usr/local'
program_transform_name='s,x,x,'
psdir='${docdir}'
sbindir='${exec_prefix}/sbin'
sharedstatedir='${prefix}/com'
sysconfdir='${prefix}/etc'
target_alias=''

## ----------- ##
## confdefs.h. ##
## ----------- ##

/* confdefs.h */
#define PACKAGE_NAME "ntl-libtool"
#define PACKAGE_TARNAME "ntl-libtool"
#define PACKAGE_VERSION "1.0"
#define PACKAGE_STRING "ntl-libtool 1.0"
#define PACKAGE_BUGREPORT ""
#define PACKAGE_URL ""
#define PACKAGE "ntl-libtool"
#define VERSION "1.0"
#define STDC_HEADERS 1
#define HAVE_SYS_TYPES_H 1
#define HAVE_SYS_STAT_H 1
#define HAVE_STDLIB_H 1
#define HAVE_STRING_H 1
#define HAVE_MEMORY_H 1
#define HAVE_STRINGS_H 1
#define HAVE_INTTYPES_H 1
#define HAVE_STDINT_H 1
#define HAVE_UNISTD_H 1
#define HAVE_DLFCN_H 1
#define LT_OBJDIR ".libs/"

configure: exit 0
