Performing C++ SOURCE FILE Test CMAKE_HAVE_LIBC_PTHREAD failed with the following output:
Change Dir: /try/HElib/build/dependencies/Build/helib_external/CMakeFiles/CMakeTmp

Run Build Command(s):/usr/bin/make cmTC_441b5/fast && make[3]: Entering directory '/workspaces/Justnothing/build/dependencies/Build/helib_external/CMakeFiles/CMakeTmp'
/usr/bin/make -f CMakeFiles/cmTC_441b5.dir/build.make CMakeFiles/cmTC_441b5.dir/build
make[4]: Entering directory '/workspaces/Justnothing/build/dependencies/Build/helib_external/CMakeFiles/CMakeTmp'
Building CXX object CMakeFiles/cmTC_441b5.dir/src.cxx.o
/usr/bin/c++    -DCMAKE_HAVE_LIBC_PTHREAD   -std=c++17 -o CMakeFiles/cmTC_441b5.dir/src.cxx.o -c /try/HElib/build/dependencies/Build/helib_external/CMakeFiles/CMakeTmp/src.cxx
Linking CXX executable cmTC_441b5
/usr/bin/cmake -E cmake_link_script CMakeFiles/cmTC_441b5.dir/link.txt --verbose=1
/usr/bin/c++   -DCMAKE_HAVE_LIBC_PTHREAD    CMakeFiles/cmTC_441b5.dir/src.cxx.o  -o cmTC_441b5 
/usr/bin/ld: CMakeFiles/cmTC_441b5.dir/src.cxx.o: in function `main':
src.cxx:(.text+0x46): undefined reference to `pthread_create'
/usr/bin/ld: src.cxx:(.text+0x52): undefined reference to `pthread_detach'
/usr/bin/ld: src.cxx:(.text+0x63): undefined reference to `pthread_join'
collect2: error: ld returned 1 exit status
make[4]: *** [CMakeFiles/cmTC_441b5.dir/build.make:87: cmTC_441b5] Error 1
make[4]: Leaving directory '/workspaces/Justnothing/build/dependencies/Build/helib_external/CMakeFiles/CMakeTmp'
make[3]: *** [Makefile:121: cmTC_441b5/fast] Error 2
make[3]: Leaving directory '/workspaces/Justnothing/build/dependencies/Build/helib_external/CMakeFiles/CMakeTmp'


Source file was:
#include <pthread.h>

void* test_func(void* data)
{
  return data;
}

int main(void)
{
  pthread_t thread;
  pthread_create(&thread, NULL, test_func, NULL);
  pthread_detach(thread);
  pthread_join(thread, NULL);
  pthread_atfork(NULL, NULL, NULL);
  pthread_exit(NULL);

  return 0;
}

Determining if the function pthread_create exists in the pthreads failed with the following output:
Change Dir: /try/HElib/build/dependencies/Build/helib_external/CMakeFiles/CMakeTmp

Run Build Command(s):/usr/bin/make cmTC_8b78c/fast && make[3]: Entering directory '/workspaces/Justnothing/build/dependencies/Build/helib_external/CMakeFiles/CMakeTmp'
/usr/bin/make -f CMakeFiles/cmTC_8b78c.dir/build.make CMakeFiles/cmTC_8b78c.dir/build
make[4]: Entering directory '/workspaces/Justnothing/build/dependencies/Build/helib_external/CMakeFiles/CMakeTmp'
Building CXX object CMakeFiles/cmTC_8b78c.dir/CheckFunctionExists.cxx.o
/usr/bin/c++    -DCHECK_FUNCTION_EXISTS=pthread_create   -std=c++17 -o CMakeFiles/cmTC_8b78c.dir/CheckFunctionExists.cxx.o -c /try/HElib/build/dependencies/Build/helib_external/CMakeFiles/CheckLibraryExists/CheckFunctionExists.cxx
Linking CXX executable cmTC_8b78c
/usr/bin/cmake -E cmake_link_script CMakeFiles/cmTC_8b78c.dir/link.txt --verbose=1
/usr/bin/c++   -DCHECK_FUNCTION_EXISTS=pthread_create    CMakeFiles/cmTC_8b78c.dir/CheckFunctionExists.cxx.o  -o cmTC_8b78c  -lpthreads 
/usr/bin/ld: cannot find -lpthreads
collect2: error: ld returned 1 exit status
make[4]: *** [CMakeFiles/cmTC_8b78c.dir/build.make:87: cmTC_8b78c] Error 1
make[4]: Leaving directory '/workspaces/Justnothing/build/dependencies/Build/helib_external/CMakeFiles/CMakeTmp'
make[3]: *** [Makefile:121: cmTC_8b78c/fast] Error 2
make[3]: Leaving directory '/workspaces/Justnothing/build/dependencies/Build/helib_external/CMakeFiles/CMakeTmp'



